16:02:47:896 [main] INFO  PP_Framework.HomePage - Driver is initialized
16:02:52:131 [main] INFO  PP_Framework.HomePage - Navigated to home page
16:02:59:889 [main] INFO  PP_Framework.HomePage - Subscribe popup was closed
16:03:01:254 [main] INFO  PP_Framework.HomePage - Signin button was clicked
16:03:01:344 [main] INFO  PP_Framework.HomePage - Entered Username
16:03:01:401 [main] INFO  PP_Framework.HomePage - Entered password
16:03:01:665 [main] INFO  PP_Framework.HomePage - Login button clicked
16:03:03:391 [main] INFO  PP_Framework.HomePage - Navigated to home page
16:03:13:476 [main] INFO  PP_Framework.HomePage - browser closed
16:04:18:399 [main] INFO  PP_Framework.HomePage - Driver is initialized
16:04:46:727 [main] INFO  PP_Framework.HomePage - Navigated to home page
16:05:04:336 [main] INFO  PP_Framework.HomePage - Subscribe popup was closed
16:05:14:375 [main] INFO  PP_Framework.HomePage - Signin button was clicked
16:05:18:145 [main] INFO  PP_Framework.HomePage - Entered Username
16:05:20:159 [main] INFO  PP_Framework.HomePage - Entered password
16:05:22:564 [main] INFO  PP_Framework.HomePage - Login button clicked
16:05:58:741 [main] INFO  PP_Framework.HomePage - Navigated to home page
16:06:24:373 [main] INFO  PP_Framework.HomePage - browser closed
16:07:26:652 [main] INFO  PP_Framework.HomePage - Driver is initialized
16:07:30:850 [main] INFO  PP_Framework.HomePage - Navigated to home page
16:07:30:858 [main] INFO  PP_Framework.HomePage - Subscribe popup was closed
16:07:32:239 [main] INFO  PP_Framework.HomePage - Signin button was clicked
16:07:32:320 [main] INFO  PP_Framework.HomePage - Entered Username
16:07:32:382 [main] INFO  PP_Framework.HomePage - Entered password
16:07:32:700 [main] INFO  PP_Framework.HomePage - Login button clicked
16:07:34:455 [main] INFO  PP_Framework.HomePage - Navigated to home page
16:07:34:455 [main] INFO  PP_Framework.HomePage - Subscribe popup was closed
16:07:34:921 [main] INFO  PP_Framework.HomePage - Signin button was clicked
16:07:35:44 [main] INFO  PP_Framework.HomePage - Entered Username
16:07:35:126 [main] INFO  PP_Framework.HomePage - Entered password
16:07:35:415 [main] INFO  PP_Framework.HomePage - Login button clicked
16:07:36:143 [main] INFO  PP_Framework.HomePage - browser closed
16:07:58:223 [TestNG] INFO  PP_Framework.ValidateNavigationBar - Driver is initialized
16:08:01:392 [TestNG] INFO  PP_Framework.ValidateNavigationBar - URL launched
16:08:09:522 [TestNG] INFO  PP_Framework.ValidateNavigationBar - Subscribe popup was closed
16:08:10:41 [TestNG] INFO  PP_Framework.ValidateNavigationBar - All the navigation tabs were verified
16:08:15:469 [TestNG] INFO  PP_Framework.ValidateTitle - Driver is initialized
16:08:18:660 [TestNG] INFO  PP_Framework.ValidateTitle - URL launched
16:08:26:668 [TestNG] INFO  PP_Framework.ValidateTitle - Subscribe popup was closed
16:08:32:670 [TestNG] INFO  PP_Framework.HomePage - Driver is initialized
16:08:38:327 [TestNG] INFO  PP_Framework.HomePage - Navigated to home page
16:08:38:327 [TestNG] INFO  PP_Framework.HomePage - Subscribe popup was closed
16:08:40:03 [TestNG] INFO  PP_Framework.HomePage - Signin button was clicked
16:08:40:139 [TestNG] INFO  PP_Framework.HomePage - Entered Username
16:08:40:257 [TestNG] INFO  PP_Framework.HomePage - Entered password
16:08:40:607 [TestNG] INFO  PP_Framework.HomePage - Login button clicked
16:08:42:219 [TestNG] INFO  PP_Framework.HomePage - Navigated to home page
16:08:42:219 [TestNG] INFO  PP_Framework.HomePage - Subscribe popup was closed
16:08:42:633 [TestNG] INFO  PP_Framework.HomePage - Signin button was clicked
16:08:42:757 [TestNG] INFO  PP_Framework.HomePage - Entered Username
16:08:42:842 [TestNG] INFO  PP_Framework.HomePage - Entered password
16:08:43:409 [TestNG] INFO  PP_Framework.HomePage - Login button clicked
16:08:44:116 [TestNG] INFO  PP_Framework.HomePage - browser closed
